2021-03-25 21:58:48, INFO: Create other envs with new settings
2021-03-25 21:58:48, INFO: human number: 5
2021-03-25 21:58:48, INFO: Randomize human's radius and preferred speed
2021-03-25 21:58:48, INFO: Circle width: 6
2021-03-25 21:58:48, INFO: robot FOV 6.283185
2021-03-25 21:58:48, INFO: humans FOV 6.283185
2021-03-25 21:58:48, INFO: human number: 5
2021-03-25 21:58:48, INFO: Randomize human's radius and preferred speed
2021-03-25 21:58:48, INFO: Circle width: 6
2021-03-25 21:58:48, INFO: robot FOV 6.283185
2021-03-25 21:58:48, INFO: humans FOV 6.283185
2021-03-25 21:58:48, INFO: human number: 5
2021-03-25 21:58:48, INFO: Randomize human's radius and preferred speed
2021-03-25 21:58:48, INFO: Circle width: 6
2021-03-25 21:58:48, INFO: robot FOV 6.283185
2021-03-25 21:58:48, INFO: humans FOV 6.283185
2021-03-25 21:58:48, INFO: human number: 5
2021-03-25 21:58:48, INFO: Randomize human's radius and preferred speed
2021-03-25 21:58:48, INFO: Circle width: 6
2021-03-25 21:58:48, INFO: robot FOV 6.283185
2021-03-25 21:58:48, INFO: humans FOV 6.283185
2021-03-25 21:58:48, INFO: human number: 5
2021-03-25 21:58:48, INFO: Randomize human's radius and preferred speed
2021-03-25 21:58:48, INFO: Circle width: 6
2021-03-25 21:58:48, INFO: robot FOV 6.283185
2021-03-25 21:58:48, INFO: humans FOV 6.283185
2021-03-25 21:58:48, INFO: human number: 5
2021-03-25 21:58:48, INFO: Randomize human's radius and preferred speed
2021-03-25 21:58:48, INFO: Circle width: 6
2021-03-25 21:58:48, INFO: robot FOV 6.283185
2021-03-25 21:58:48, INFO: humans FOV 6.283185
2021-03-25 21:58:48, INFO: human number: 5
2021-03-25 21:58:48, INFO: Randomize human's radius and preferred speed
2021-03-25 21:58:48, INFO: Circle width: 6
2021-03-25 21:58:48, INFO: robot FOV 6.283185
2021-03-25 21:58:48, INFO: humans FOV 6.283185
2021-03-25 21:58:48, INFO: human number: 5
2021-03-25 21:58:48, INFO: Randomize human's radius and preferred speed
2021-03-25 21:58:48, INFO: Circle width: 6
2021-03-25 21:58:48, INFO: robot FOV 6.283185
2021-03-25 21:58:48, INFO: humans FOV 6.283185
2021-03-25 21:58:48, INFO: human number: 5
2021-03-25 21:58:48, INFO: Randomize human's radius and preferred speed
2021-03-25 21:58:48, INFO: Circle width: 6
2021-03-25 21:58:48, INFO: robot FOV 6.283185
2021-03-25 21:58:48, INFO: humans FOV 6.283185
2021-03-25 21:58:48, INFO: human number: 5
2021-03-25 21:58:48, INFO: Randomize human's radius and preferred speed
2021-03-25 21:58:48, INFO: Circle width: 6
2021-03-25 21:58:48, INFO: robot FOV 6.283185
2021-03-25 21:58:48, INFO: humans FOV 6.283185
2021-03-25 21:58:48, INFO: human number: 5
2021-03-25 21:58:48, INFO: Randomize human's radius and preferred speed
2021-03-25 21:58:48, INFO: Circle width: 6
2021-03-25 21:58:48, INFO: robot FOV 6.283185
2021-03-25 21:58:48, INFO: humans FOV 6.283185
2021-03-25 21:58:48, INFO: human number: 5
2021-03-25 21:58:48, INFO: Randomize human's radius and preferred speed
2021-03-25 21:58:48, INFO: Circle width: 6
2021-03-25 21:58:48, INFO: robot FOV 6.283185
2021-03-25 21:58:48, INFO: humans FOV 6.283185
2021-03-25 21:58:48, INFO: human number: 5
2021-03-25 21:58:48, INFO: Randomize human's radius and preferred speed
2021-03-25 21:58:48, INFO: Circle width: 6
2021-03-25 21:58:48, INFO: robot FOV 6.283185
2021-03-25 21:58:48, INFO: humans FOV 6.283185
